<?xml version="1.0" encoding="UTF-8"?>
<!-- Generated by org.testng.reporters.JUnitReportReporter -->
<testsuite hostname="LAPTOP-B4BJ0FG9" failures="0" tests="3" name="com.payroll.testscripts.ReportTest" time="62.964" errors="0" timestamp="2022-04-04T11:04:43 IST" skipped="0">
  <testcase classname="com.payroll.testscripts.ReportTest" name="TC_28_report_Page_Verification" time="16.860"/>
  <system-out/>
  <testcase classname="com.payroll.testscripts.ReportTest" name="TC_30_view_Company_Performance" time="20.243"/>
  <system-out/>
  <testcase classname="com.payroll.testscripts.ReportTest" name="TC_29_view_PayReport" time="25.861"/>
  <system-out/>
</testsuite> <!-- com.payroll.testscripts.ReportTest -->
