<?xml version="1.0" encoding="UTF-8"?>
<!-- Generated by org.testng.reporters.JUnitReportReporter -->
<testsuite hostname="LAPTOP-B4BJ0FG9" failures="0" tests="1" name="com.payroll.testscripts.InvoiceTest" time="13.802" errors="0" timestamp="2022-04-04T11:04:43 IST" skipped="0">
  <testcase classname="com.payroll.testscripts.InvoiceTest" name="TC_25_invoice" time="13.802"/>
  <system-out/>
</testsuite> <!-- com.payroll.testscripts.InvoiceTest -->
