<?xml version="1.0" encoding="UTF-8"?>
<!-- Generated by org.testng.reporters.JUnitReportReporter -->
<testsuite hostname="LAPTOP-B4BJ0FG9" failures="0" tests="1" name="com.payroll.testscripts.DashBoardTest" time="12.089" errors="0" timestamp="2022-04-04T11:04:43 IST" skipped="0">
  <testcase classname="com.payroll.testscripts.DashBoardTest" name="TC_05" time="12.089"/>
  <system-out/>
</testsuite> <!-- com.payroll.testscripts.DashBoardTest -->
