<?xml version="1.0" encoding="UTF-8"?>
<!-- Generated by org.testng.reporters.JUnitReportReporter -->
<testsuite hostname="LAPTOP-B4BJ0FG9" failures="0" tests="3" name="com.payroll.testscripts.SigninTest" time="69.022" errors="0" timestamp="2022-04-04T11:04:43 IST" skipped="0">
  <testcase classname="com.payroll.testscripts.SigninTest" name="TC_03_forgotPassword" time="29.867"/>
  <system-out/>
  <testcase classname="com.payroll.testscripts.SigninTest" name="TC_01_correct_Credential" time="22.879"/>
  <system-out/>
  <testcase classname="com.payroll.testscripts.SigninTest" name="TC_02_wrongCredential" time="16.276"/>
  <system-out/>
</testsuite> <!-- com.payroll.testscripts.SigninTest -->
