<?xml version="1.0" encoding="UTF-8"?>
<!-- Generated by org.testng.reporters.JUnitReportReporter -->
<testsuite hostname="LAPTOP-B4BJ0FG9" failures="0" tests="11" name="com.payroll.testscripts.WorkersTest" time="242.327" errors="0" timestamp="2022-04-04T11:04:43 IST" skipped="0">
  <testcase classname="com.payroll.testscripts.WorkersTest" name="TC_19_view_Worker_Deduction_History" time="22.250"/>
  <system-out/>
  <testcase classname="com.payroll.testscripts.WorkersTest" name="TC_14_verify_Mandatoryfield_Submission" time="20.010"/>
  <system-out/>
  <testcase classname="com.payroll.testscripts.WorkersTest" name="TC_15_view_Worker" time="17.131"/>
  <system-out/>
  <testcase classname="com.payroll.testscripts.WorkersTest" name="TC_21_edit_Worker_details" time="33.504"/>
  <system-out/>
  <testcase classname="com.payroll.testscripts.WorkersTest" name="TC_20_view_Worker_Rate" time="21.340"/>
  <system-out/>
  <testcase classname="com.payroll.testscripts.WorkersTest" name="TC_17_view_Worker_Payslip_History" time="22.590"/>
  <system-out/>
  <testcase classname="com.payroll.testscripts.WorkersTest" name="TC_12_search_Worker" time="18.927"/>
  <system-out/>
  <testcase classname="com.payroll.testscripts.WorkersTest" name="TC_13_create_New_Worker" time="23.888"/>
  <system-out/>
  <testcase classname="com.payroll.testscripts.WorkersTest" name="TC_12_search_Worker" time="15.229"/>
  <system-out/>
  <testcase classname="com.payroll.testscripts.WorkersTest" name="TC_18_view_Worker_Timesheet_History" time="26.058"/>
  <system-out/>
  <testcase classname="com.payroll.testscripts.WorkersTest" name="TC_16_view_Worker_Bankdeatils" time="21.400"/>
  <system-out/>
</testsuite> <!-- com.payroll.testscripts.WorkersTest -->
