<?xml version="1.0" encoding="UTF-8"?>
<!-- Generated by org.testng.reporters.JUnitReportReporter -->
<testsuite hostname="LAPTOP-B4BJ0FG9" failures="0" tests="1" name="com.payroll.testscripts.CompanyTest" time="13.336" errors="0" timestamp="2022-04-04T11:04:43 IST" skipped="0">
  <testcase classname="com.payroll.testscripts.CompanyTest" name="TC_04" time="13.336"/>
  <system-out/>
</testsuite> <!-- com.payroll.testscripts.CompanyTest -->
