<?xml version="1.0" encoding="UTF-8"?>
<!-- Generated by org.testng.reporters.JUnitReportReporter -->
<testsuite hostname="LAPTOP-B4BJ0FG9" failures="0" tests="3" name="com.payroll.testscripts.DeductionTest" time="51.340" errors="0" timestamp="2022-04-04T11:04:43 IST" skipped="0">
  <testcase classname="com.payroll.testscripts.DeductionTest" name="TC_24_add_Deduction" time="17.701"/>
  <system-out/>
  <testcase classname="com.payroll.testscripts.DeductionTest" name="TC_22_view_Deduction" time="15.630"/>
  <system-out/>
  <testcase classname="com.payroll.testscripts.DeductionTest" name="TC_23_edit_Deduction" time="18.009"/>
  <system-out/>
</testsuite> <!-- com.payroll.testscripts.DeductionTest -->
