<?xml version="1.0" encoding="UTF-8"?>
<!-- Generated by org.testng.reporters.JUnitReportReporter -->
<testsuite hostname="LAPTOP-B4BJ0FG9" failures="0" tests="2" name="com.payroll.testscripts.PaySlipTest" time="31.391" errors="0" timestamp="2022-04-04T11:04:43 IST" skipped="0">
  <testcase classname="com.payroll.testscripts.PaySlipTest" name="TC_26_payslipscreate" time="14.050"/>
  <system-out/>
  <testcase classname="com.payroll.testscripts.PaySlipTest" name="TC_27_download_Payslip" time="17.341"/>
  <system-out/>
</testsuite> <!-- com.payroll.testscripts.PaySlipTest -->
