<?xml version="1.0" encoding="UTF-8"?>
<!-- Generated by org.testng.reporters.JUnitReportReporter -->
<testsuite hostname="LAPTOP-B4BJ0FG9" failures="0" tests="8" name="com.payroll.testscripts.ClientTest" time="130.867" errors="0" timestamp="2022-04-04T11:04:43 IST" skipped="0">
  <testcase classname="com.payroll.testscripts.ClientTest" name="TC_11_pageTitileCheck" time="12.949"/>
  <system-out/>
  <testcase classname="com.payroll.testscripts.ClientTest" name="TC_07_searchForValidClientAndInvalidClientByName_Only" time="16.313"/>
  <system-out/>
  <testcase classname="com.payroll.testscripts.ClientTest" name="TC_07_searchForValidClientAndInvalidClientByName_Only" time="17.331"/>
  <system-out/>
  <testcase classname="com.payroll.testscripts.ClientTest" name="TC_09_viewOption" time="16.168"/>
  <system-out/>
  <testcase classname="com.payroll.testscripts.ClientTest" name="TC_10_editOption" time="14.135"/>
  <system-out/>
  <testcase classname="com.payroll.testscripts.ClientTest" name="TC_06_searchForValidClientAndInvalidClientByName_ID" time="14.801"/>
  <system-out/>
  <testcase classname="com.payroll.testscripts.ClientTest" name="TC_06_searchForValidClientAndInvalidClientByName_ID" time="14.987"/>
  <system-out/>
  <testcase classname="com.payroll.testscripts.ClientTest" name="TC_08_createNewUser" time="24.183"/>
  <system-out/>
</testsuite> <!-- com.payroll.testscripts.ClientTest -->
